<?xml version="1.0" encoding="UTF-8"?>
<coverage generated="1590448207876" clover="3.2.0">
  <project timestamp="1590448207876" name="All files">
    <metrics statements="37" coveredstatements="29" conditionals="6" coveredconditionals="2" methods="11" coveredmethods="8" elements="54" coveredelements="39" complexity="0" loc="37" ncloc="37" packages="2" files="5" classes="5"/>
    <package name="pages">
      <metrics statements="15" coveredstatements="14" conditionals="2" coveredconditionals="1" methods="7" coveredmethods="6"/>
      <file name="_document.js" path="/Users/pavelklochkov/Projects/Study/message-bird-pwa/pages/_document.js">
        <metrics statements="10" coveredstatements="10" conditionals="2" coveredconditionals="1" methods="5" coveredmethods="5"/>
        <line num="7" count="16" type="stmt"/>
        <line num="9" count="16" type="stmt"/>
        <line num="14" count="16" type="stmt"/>
        <line num="15" count="16" type="stmt"/>
        <line num="16" count="16" type="stmt"/>
        <line num="17" count="16" type="stmt"/>
        <line num="22" count="16" type="stmt"/>
        <line num="23" count="16" type="stmt"/>
        <line num="34" count="16" type="stmt"/>
        <line num="39" count="16" type="stmt"/>
      </file>
      <file name="index.tsx" path="/Users/pavelklochkov/Projects/Study/message-bird-pwa/pages/index.tsx">
        <metrics statements="5" coveredstatements="4" conditionals="0" coveredconditionals="0" methods="2" coveredmethods="1"/>
        <line num="7" count="5" type="stmt"/>
        <line num="8" count="10" type="stmt"/>
        <line num="9" count="0" type="stmt"/>
        <line num="12" count="10" type="stmt"/>
        <line num="23" count="5" type="stmt"/>
      </file>
    </package>
    <package name="src.components.Login">
      <metrics statements="22" coveredstatements="15" conditionals="4" coveredconditionals="1" methods="4" coveredmethods="2"/>
      <file name="Login.tsx" path="/Users/pavelklochkov/Projects/Study/message-bird-pwa/src/components/Login/Login.tsx">
        <metrics statements="12" coveredstatements="5" conditionals="4" coveredconditionals="1" methods="4" coveredmethods="2"/>
        <line num="26" count="10" type="stmt"/>
        <line num="28" count="10" type="stmt"/>
        <line num="29" count="10" type="stmt"/>
        <line num="30" count="10" type="stmt"/>
        <line num="36" count="0" type="stmt"/>
        <line num="37" count="0" type="stmt"/>
        <line num="39" count="0" type="stmt"/>
        <line num="45" count="0" type="stmt"/>
        <line num="46" count="0" type="stmt"/>
        <line num="48" count="0" type="cond" truecount="0" falsecount="2"/>
        <line num="49" count="0" type="stmt"/>
        <line num="54" count="10" type="stmt"/>
      </file>
      <file name="index.ts" path="/Users/pavelklochkov/Projects/Study/message-bird-pwa/src/components/Login/index.ts">
        <metrics statements="0" coveredstatements="0" conditionals="0" coveredconditionals="0" methods="0" coveredmethods="0"/>
      </file>
      <file name="styles.ts" path="/Users/pavelklochkov/Projects/Study/message-bird-pwa/src/components/Login/styles.ts">
        <metrics statements="10" coveredstatements="10" conditionals="0" coveredconditionals="0" methods="0" coveredmethods="0"/>
        <line num="3" count="5" type="stmt"/>
        <line num="12" count="5" type="stmt"/>
        <line num="19" count="5" type="stmt"/>
        <line num="30" count="5" type="stmt"/>
        <line num="37" count="5" type="stmt"/>
        <line num="46" count="5" type="stmt"/>
        <line num="61" count="5" type="stmt"/>
        <line num="71" count="5" type="stmt"/>
        <line num="83" count="5" type="stmt"/>
        <line num="93" count="5" type="stmt"/>
      </file>
    </package>
  </project>
</coverage>
