{"total": {"lines":{"total":37,"covered":29,"skipped":0,"pct":78.38},"statements":{"total":38,"covered":30,"skipped":0,"pct":78.95},"functions":{"total":11,"covered":8,"skipped":0,"pct":72.73},"branches":{"total":6,"covered":2,"skipped":0,"pct":33.33}}
,"/Users/pavelklochkov/Projects/Study/message-bird-pwa/pages/_document.js": {"lines":{"total":10,"covered":10,"skipped":0,"pct":100},"functions":{"total":5,"covered":5,"skipped":0,"pct":100},"statements":{"total":11,"covered":11,"skipped":0,"pct":100},"branches":{"total":2,"covered":1,"skipped":0,"pct":50}}
,"/Users/pavelklochkov/Projects/Study/message-bird-pwa/pages/index.tsx": {"lines":{"total":5,"covered":4,"skipped":0,"pct":80},"functions":{"total":2,"covered":1,"skipped":0,"pct":50},"statements":{"total":5,"covered":4,"skipped":0,"pct":80},"branches":{"total":0,"covered":0,"skipped":0,"pct":100}}
,"/Users/pavelklochkov/Projects/Study/message-bird-pwa/src/components/Login/Login.tsx": {"lines":{"total":12,"covered":5,"skipped":0,"pct":41.67},"functions":{"total":4,"covered":2,"skipped":0,"pct":50},"statements":{"total":12,"covered":5,"skipped":0,"pct":41.67},"branches":{"total":4,"covered":1,"skipped":0,"pct":25}}
,"/Users/pavelklochkov/Projects/Study/message-bird-pwa/src/components/Login/index.ts": {"lines":{"total":0,"covered":0,"skipped":0,"pct":0},"functions":{"total":0,"covered":0,"skipped":0,"pct":0},"statements":{"total":0,"covered":0,"skipped":0,"pct":0},"branches":{"total":0,"covered":0,"skipped":0,"pct":0}}
,"/Users/pavelklochkov/Projects/Study/message-bird-pwa/src/components/Login/styles.ts": {"lines":{"total":10,"covered":10,"skipped":0,"pct":100},"functions":{"total":0,"covered":0,"skipped":0,"pct":100},"statements":{"total":10,"covered":10,"skipped":0,"pct":100},"branches":{"total":0,"covered":0,"skipped":0,"pct":100}}
}
