TN:
SF:pages/_document.js
FN:6,(anonymous_0)
FN:15,(anonymous_1)
FN:17,(anonymous_2)
FN:17,(anonymous_3)
FN:38,(anonymous_4)
FNF:5
FNH:5
FNDA:16,(anonymous_0)
FNDA:16,(anonymous_1)
FNDA:16,(anonymous_2)
FNDA:16,(anonymous_3)
FNDA:16,(anonymous_4)
DA:7,16
DA:9,16
DA:14,16
DA:15,16
DA:16,16
DA:17,16
DA:22,16
DA:23,16
DA:34,16
DA:39,16
LF:10
LH:10
BRDA:29,0,0,16
BRDA:29,0,1,0
BRF:2
BRH:1
end_of_record
TN:
SF:pages/index.tsx
FN:7,(anonymous_0)
FN:8,(anonymous_1)
FNF:2
FNH:1
FNDA:10,(anonymous_0)
FNDA:0,(anonymous_1)
DA:7,5
DA:8,10
DA:9,0
DA:12,10
DA:23,5
LF:5
LH:4
BRF:0
BRH:0
end_of_record
TN:
SF:src/components/Login/Login.tsx
FN:25,(anonymous_0)
FN:35,(anonymous_1)
FN:44,(anonymous_2)
FN:53,(anonymous_3)
FNF:4
FNH:2
FNDA:10,(anonymous_0)
FNDA:0,(anonymous_1)
FNDA:0,(anonymous_2)
FNDA:10,(anonymous_3)
DA:26,10
DA:28,10
DA:29,10
DA:30,10
DA:36,0
DA:37,0
DA:39,0
DA:45,0
DA:46,0
DA:48,0
DA:49,0
DA:54,10
LF:12
LH:5
BRDA:48,0,0,0
BRDA:48,0,1,0
BRDA:92,1,0,10
BRDA:92,1,1,0
BRF:4
BRH:1
end_of_record
TN:
SF:src/components/Login/index.ts
FNF:0
FNH:0
LF:0
LH:0
BRF:0
BRH:0
end_of_record
TN:
SF:src/components/Login/styles.ts
FNF:0
FNH:0
DA:3,5
DA:12,5
DA:19,5
DA:30,5
DA:37,5
DA:46,5
DA:61,5
DA:71,5
DA:83,5
DA:93,5
LF:10
LH:10
BRF:0
BRH:0
end_of_record
